<?xml version="1.0" encoding="UTF-8"?>
<!-- Generated by org.testng.reporters.JUnitReportReporter -->
<testsuite hostname="REDDIPRASAD" failures="0" tests="1" name="JavaprogramsArrays.Parent1" time="0.047" errors="0" timestamp="2023-10-06T11:11:04 IST" skipped="0">
  <testcase classname="JavaprogramsArrays.Parent1" name="testRun" time="0.047"/>
</testsuite> <!-- JavaprogramsArrays.Parent1 -->
