<?xml version="1.0" encoding="UTF-8"?>
<!-- Generated by org.testng.reporters.JUnitReportReporter -->
<testsuite hostname="REDDIPRASAD" failures="0" tests="4" name="javasteams.Test1" time="0.026" errors="0" timestamp="2023-10-01T06:03:35 IST" skipped="0">
  <testcase classname="javasteams.Test1" name="streamMap" time="0.005"/>
  <testcase classname="javasteams.Test1" name="streamFilter" time="0.009"/>
  <testcase classname="javasteams.Test1" name="regular" time="0.008"/>
  <testcase classname="javasteams.Test1" name="streamCollect" time="0.004"/>
</testsuite> <!-- javasteams.Test1 -->
