<?xml version="1.0" encoding="UTF-8"?>
<!-- Generated by org.testng.reporters.JUnitReportReporter -->
<testsuite hostname="REDDIPRASAD" failures="0" tests="4" name="RavitejaAcademy.StandaloneTest_for_PageObject" time="93.782" errors="0" timestamp="2023-10-22T07:51:25 IST" skipped="0">
  <testcase classname="RavitejaAcademy.StandaloneTest_for_PageObject" name="ordersHistory" time="4.976"/>
  <testcase classname="RavitejaAcademy.StandaloneTest_for_PageObject" name="ordersHistory" time="50.207"/>
  <testcase classname="RavitejaAcademy.StandaloneTest_for_PageObject" name="submitOrder" time="19.786"/>
  <testcase classname="RavitejaAcademy.StandaloneTest_for_PageObject" name="submitOrder" time="18.813"/>
</testsuite> <!-- RavitejaAcademy.StandaloneTest_for_PageObject -->
