<?xml version="1.0" encoding="UTF-8"?>
<!-- Generated by org.testng.reporters.JUnitReportReporter -->
<testsuite hostname="REDDIPRASAD" failures="0" tests="1" name="cucumber.TestNGTestRunner" time="19.649" errors="0" timestamp="2023-10-23T12:25:09 IST" skipped="0">
  <testcase classname="cucumber.TestNGTestRunner" name="runScenario" time="19.649"/>
</testsuite> <!-- cucumber.TestNGTestRunner -->
