<?xml version="1.0" encoding="UTF-8"?>
<!-- Generated by org.testng.reporters.JUnitReportReporter -->
<testsuite hostname="REDDIPRASAD" failures="0" tests="1" name="demo.BrowserTest" time="0.011" errors="0" timestamp="2024-01-29T06:33:31 IST" skipped="0">
  <testcase classname="demo.BrowserTest" name="test1" time="0.011"/>
</testsuite> <!-- demo.BrowserTest -->
