<?xml version="1.0" encoding="UTF-8"?>
<!-- Generated by org.testng.reporters.JUnitReportReporter -->
<testsuite hostname="REDDIPRASAD" failures="0" tests="4" name="RavitejaAcademy.StandaloneTest_for_PageObject" time="85.880" errors="0" timestamp="2023-10-22T10:11:04 IST" skipped="0">
  <testcase classname="RavitejaAcademy.StandaloneTest_for_PageObject" name="submitOrder" time="7.991"/>
  <testcase classname="RavitejaAcademy.StandaloneTest_for_PageObject" name="ordersHistory" time="5.111"/>
  <testcase classname="RavitejaAcademy.StandaloneTest_for_PageObject" name="ordersHistory" time="53.294"/>
  <testcase classname="RavitejaAcademy.StandaloneTest_for_PageObject" name="submitOrder" time="19.484"/>
</testsuite> <!-- RavitejaAcademy.StandaloneTest_for_PageObject -->
