<?xml version="1.0" encoding="UTF-8"?>
<!-- Generated by org.testng.reporters.JUnitReportReporter -->
<testsuite hostname="REDDIPRASAD" failures="0" tests="1" name="Files.StaticdataHandling" time="3.192" errors="0" timestamp="2023-12-13T05:17:28 IST" skipped="0">
  <testcase classname="Files.StaticdataHandling" name="addBook" time="3.192"/>
</testsuite> <!-- Files.StaticdataHandling -->
