<?xml version="1.0" encoding="UTF-8"?>
<!-- Generated by org.testng.reporters.JUnitReportReporter -->
<testsuite hostname="REDDIPRASAD" failures="0" tests="3" name="Files.DynamicJson" time="4.405" errors="0" timestamp="2023-12-13T04:46:31 IST" skipped="0">
  <testcase classname="Files.DynamicJson" name="addBook" time="0.595"/>
  <testcase classname="Files.DynamicJson" name="addBook" time="3.240"/>
  <testcase classname="Files.DynamicJson" name="addBook" time="0.570"/>
</testsuite> <!-- Files.DynamicJson -->
