<?xml version="1.0" encoding="UTF-8"?>
<!-- Generated by org.testng.reporters.JUnitReportReporter -->
<testsuite hostname="REDDIPRASAD" failures="0" tests="1" name="Sumvalidation" time="1.649" errors="0" timestamp="2023-12-10T05:23:11 IST" skipped="0">
  <testcase classname="Sumvalidation" name="SumOfCourses" time="1.649"/>
</testsuite> <!-- Sumvalidation -->
