<?xml version="1.0" encoding="UTF-8"?>
<!-- Generated by org.testng.reporters.JUnitReportReporter -->
<testsuite hostname="REDDIPRASAD" failures="0" tests="1" name="cucumberoptions.TestNGTestRunner" time="8.700" errors="0" timestamp="2024-01-02T07:57:29 IST" skipped="0">
  <testcase classname="cucumberoptions.TestNGTestRunner" name="runScenario" time="8.700"/>
</testsuite> <!-- cucumberoptions.TestNGTestRunner -->
