<?xml version="1.0" encoding="UTF-8"?>
<!-- Generated by org.testng.reporters.JUnitReportReporter -->
<testsuite hostname="REDDIPRASAD" failures="0" tests="2" name="test.FramewordDemo" time="0.012" errors="0" timestamp="2023-10-06T05:41:55 IST" skipped="1">
  <testcase classname="test.FramewordDemo" name="demo" time="0.012"/>
  <testcase classname="test.FramewordDemo" name="Demo2">
    <skipped/>
  </testcase> <!-- Demo2 -->
</testsuite> <!-- test.FramewordDemo -->
