<?xml version="1.0" encoding="UTF-8"?>
<!-- Generated by org.testng.reporters.JUnitReportReporter -->
<testsuite hostname="REDDIPRASAD" failures="0" tests="5" name="test.FrameworkDemo4" time="0.056" errors="0" timestamp="2023-10-06T05:41:55 IST" skipped="0">
  <testcase classname="test.FrameworkDemo4" name="mobileLoginCarLoan" time="0.009"/>
  <testcase classname="test.FrameworkDemo4" name="apiLogin" time="0.025"/>
  <testcase classname="test.FrameworkDemo4" name="mobileLoginCarLoan" time="0.006"/>
  <testcase classname="test.FrameworkDemo4" name="webLoginHomeLoan" time="0.010"/>
  <testcase classname="test.FrameworkDemo4" name="mobileLoginCarLoan" time="0.006"/>
</testsuite> <!-- test.FrameworkDemo4 -->
