<?xml version="1.0" encoding="UTF-8"?>
<!-- Generated by org.testng.reporters.JUnitReportReporter -->
<testsuite hostname="REDDIPRASAD" failures="0" tests="1" name="test.frameworkDemo2" time="0.002" errors="0" timestamp="2023-10-06T05:41:55 IST" skipped="0">
  <testcase classname="test.frameworkDemo2" name="frame" time="0.002"/>
</testsuite> <!-- test.frameworkDemo2 -->
