<?xml version="1.0" encoding="UTF-8"?>
<!-- Generated by org.testng.reporters.JUnitReportReporter -->
<testsuite hostname="REDDIPRASAD" failures="0" tests="1" name="raviacadamey.ExtentReports.ExtentReportDemo" time="7.086" errors="0" timestamp="2023-10-18T05:03:29 IST" skipped="0">
  <testcase classname="raviacadamey.ExtentReports.ExtentReportDemo" name="initialDemo" time="7.086"/>
</testsuite> <!-- raviacadamey.ExtentReports.ExtentReportDemo -->
